<?xml version="1.0" encoding="UTF-8"?>
<!--

    DO NOT ALTER OR REMOVE COPYRIGHT NOTICES OR THIS HEADER.

    Copyright (c) 1997-2010 Oracle and/or its affiliates. All rights reserved.

    The contents of this file are subject to the terms of either the GNU
    General Public License Version 2 only ("GPL") or the Common Development
    and Distribution License("CDDL") (collectively, the "License").  You
    may not use this file except in compliance with the License.  You can
    obtain a copy of the License at
    https://glassfish.dev.java.net/public/CDDL+GPL_1_1.html
    or packager/legal/LICENSE.txt.  See the License for the specific
    language governing permissions and limitations under the License.

    When distributing the software, include this License Header Notice in each
    file and include the License file at packager/legal/LICENSE.txt.

    GPL Classpath Exception:
    Oracle designates this particular file as subject to the "Classpath"
    exception as provided by Oracle in the GPL Version 2 section of the License
    file that accompanied this code.

    Modifications:
    If applicable, add the following below the License Header, with the fields
    enclosed by brackets [] replaced by your own identifying information:
    "Portions Copyright [year] [name of copyright owner]"

    Contributor(s):
    If you wish your version of this file to be governed by only the CDDL or
    only the GPL Version 2, indicate your decision by adding "[Contributor]
    elects to include this software in this distribution under the [CDDL or GPL
    Version 2] license."  If you don't indicate a single choice of license, a
    recipient has the option to distribute your version of this file under
    either the CDDL, the GPL Version 2 or to extend the choice of license to
    its licensees as provided above.  However, if you add GPL Version 2 code
    and therefore, elected the GPL Version 2 license, then the option applies
    only if the new code is made subject to such option by the copyright
    holder.

-->

<project name="test-app" 
         basedir="." xmlns:artifact="antlib:org.apache.maven.artifact.ant">

  <!-- Construct compile classpath -->
  <path id="test.compile.classpath">
        <pathelement location="${javax.faces.jar}"/>
        <pathelement location="${javax-enterprise.jar}"/>
        <pathelement location="${javax-inject.jar}"/>
        <pathelement location="${jsf.test.jar}"/>
        <pathelement location="${jsf.test.jar}"/>
        <path refid="compile.classpath"/>
        <pathelement location="${basedir}/build/classes"/>       
        <pathelement location="${basedir}/../build/test/classes"/>       
        <path refid="htmlunit.compile.classpath"/>
  </path>

  <target name="help">
<echo>
Define some properties in your build file that imports
this file.  Use the following as an example.

    &lt;property name="deploy-exploded-applications"
              value="groovy" /&gt;

    &lt;property name="applications-for-V3-only"
              value="disable-bean-validator,
                     no-web-xml" /&gt;

    &lt;property name="applications-for-V3.1-only"
              value="disable-bean-validator,
                     injection,
                     no-web-xml,
                     cluster-no-agressive-session-dirtying" /&gt;

    &lt;property name="applications-for-V3.1_no_cluster-only"
              value="disable-bean-validator,
                     injection,
                     no-web-xml" /&gt;

    &lt;property name="container-agnostic-applications"
              value="
                   annotation-restrictions,
                   clientside-statesaving,
                   request-char-encoding-no-session,
                   bogus-render-kit-id,
                   characterCombat"/&gt;

</echo>
  </target>

    <target name="define.applications" depends="discover.container.version,define.tomcat7.applications,define.V2.applications,define.V3.applications,define.V3.1.applications,define.V3.1_no_cluster.applications">
      <propertyregex property="applications.nowhitespace" input="${applications}" override="true"
                     regexp="\s+" replace="" global="true" />


      <propertyregex property="applications.formatted" input="${applications.nowhitespace}" override="true"
                     regexp="," replace="${line.separator}" global="true" />

      <echo>
+++++++++++++++ Executing the following regression tests
${applications.formatted}
+++++++++++++++
      </echo>
    </target>

    <target name="discover.container.version" 
            depends="query.is.V2,query.is.V3,query.is.V3.1,query.is.V3.1_no_cluster,query.is.tomcat7"/>

    <target name="query.is.tomcat7">
        <condition property="container.is.tomcat7">
          <equals arg1="tomcat7" arg2="${container.name}" />
        </condition>
    </target>

    <target name="query.is.V2">
        <condition property="container.is.V2">
          <equals arg1="glassfish" arg2="${container.name}" />
        </condition>
    </target>

    <target name="query.is.V3">
        <condition property="container.is.V3">
          <equals arg1="glassfishV3" arg2="${container.name}" />
        </condition>
    </target>

    <target name="query.is.V3.1">
        <condition property="container.is.V3.1">
          <equals arg1="glassfishV3.1" arg2="${container.name}" />
        </condition>
    </target>

    <target name="query.is.V3.1_no_cluster">
        <condition property="container.is.V3.1_no_cluster">
          <equals arg1="glassfishV3.1_no_cluster" arg2="${container.name}" />
        </condition>
    </target>

    <target name="define.V2.applications" if="container.is.V2">
       <property name="applications" value="${container-agnostic-applications}" />
    </target>

    <target name="define.tomcat7.applications" if="container.is.tomcat7">
       <property name="applications" value="${container-agnostic-applications}" />
    </target>

    <target name="define.V3.applications" if="container.is.V3">
       <property name="applications" 
                 value="${container-agnostic-applications},${applications-for-V3-only}" />
    </target>

    <target name="define.V3.1.applications" if="container.is.V3.1">
       <property name="applications" 
                 value="${applications-for-V3.1-only},${container-agnostic-applications}" />
    </target>

    <target name="define.V3.1_no_cluster.applications" if="container.is.V3.1_no_cluster">
       <property name="applications" 
                 value="${container-agnostic-applications},${applications-for-V3.1_no_cluster-only}" />
    </target>
    
    <target name="deployment.check">
       <!-- this should be a macro, but macros cannot fail, or retry -->

       <!-- overridable defaults: -->
       <property name="sleep.seconds" value="10" />
       
        <echo>
Testing http://${deployment.host}:${deployment.port}${path.with.leading.slash}
For occurence of pattern ${page.regexp}.
deployment.retries=${deployment.retries}
sleep.seconds=${sleep.seconds}   
        </echo>

       <!-- make sure our helper property is unoccupied: -->
       <fail if="do.sleep" />
       
       <retry retrycount="${deployment.retries}">
           <sequential>
               <local name=".sleep.seconds" />
               <condition property=".sleep.seconds" value="${sleep.seconds}" else="0">
                   <istrue value="${do.sleep}" />
               </condition>
               <sleep seconds="${.sleep.seconds}" />

               <property name="do.sleep" value="true" />

               <fail><condition>
                   <resourcesmatch astext="true">
                       <string value="" />
                        <concat>
                           <url url="http://${deployment.host}:${deployment.port}${path.with.leading.slash}" />
                           <filterchain>
                               <linecontainsregexp>
                                   <regexp pattern="${page.regexp}" />
                               </linecontainsregexp>
                           </filterchain>
                       </concat>
                   </resourcesmatch>
               </condition></fail>
           </sequential>
       </retry>
    </target>
    
</project>
